1660345223.489637 client started (41849): version 3.3a, socket /private/tmp/tmux-501/default, protocol 8
1660345223.489715 on Darwin 21.4.0 Darwin Kernel Version 21.4.0: Fri Mar 18 00:45:05 PDT 2022; root:xnu-8020.101.4~15/RELEASE_X86_64
1660345223.489741 using libevent 2.1.12-stable (select); utf8proc 2.7.0; ncurses 6.3
1660345223.489800 flags are 0x10010000
1660345223.489819 socket is /private/tmp/tmux-501/default
1660345223.489843 trying connect
1660345223.489947 add peer 0x7f98bd831000: 6 (0x0)
1660345223.495808 sending message 100 to peer 0x7f98bd831000 (4 bytes)
1660345223.495838 sending message 111 to peer 0x7f98bd831000 (8 bytes)
1660345223.495851 sending message 101 to peer 0x7f98bd831000 (16 bytes)
1660345223.495861 sending message 109 to peer 0x7f98bd831000 (4 bytes)
1660345223.495872 sending message 102 to peer 0x7f98bd831000 (13 bytes)
1660345223.495882 sending message 108 to peer 0x7f98bd831000 (33 bytes)
1660345223.495892 sending message 112 to peer 0x7f98bd831000 (70 bytes)
1660345223.495901 sending message 112 to peer 0x7f98bd831000 (5 bytes)
1660345223.495911 sending message 112 to peer 0x7f98bd831000 (5 bytes)
1660345223.495921 sending message 112 to peer 0x7f98bd831000 (6 bytes)
1660345223.495930 sending message 112 to peer 0x7f98bd831000 (6 bytes)
1660345223.495940 sending message 112 to peer 0x7f98bd831000 (11 bytes)
1660345223.495950 sending message 112 to peer 0x7f98bd831000 (10 bytes)
1660345223.495959 sending message 112 to peer 0x7f98bd831000 (13 bytes)
1660345223.495969 sending message 112 to peer 0x7f98bd831000 (13 bytes)
1660345223.495979 sending message 112 to peer 0x7f98bd831000 (18 bytes)
1660345223.495988 sending message 112 to peer 0x7f98bd831000 (11 bytes)
1660345223.495998 sending message 112 to peer 0x7f98bd831000 (21 bytes)
1660345223.496007 sending message 112 to peer 0x7f98bd831000 (13 bytes)
1660345223.496017 sending message 112 to peer 0x7f98bd831000 (7 bytes)
1660345223.496027 sending message 112 to peer 0x7f98bd831000 (13 bytes)
1660345223.496036 sending message 112 to peer 0x7f98bd831000 (7 bytes)
1660345223.496046 sending message 112 to peer 0x7f98bd831000 (13 bytes)
1660345223.496055 sending message 112 to peer 0x7f98bd831000 (9 bytes)
1660345223.496065 sending message 112 to peer 0x7f98bd831000 (21 bytes)
1660345223.496075 sending message 112 to peer 0x7f98bd831000 (13 bytes)
1660345223.496084 sending message 112 to peer 0x7f98bd831000 (8 bytes)
1660345223.496094 sending message 112 to peer 0x7f98bd831000 (12 bytes)
1660345223.496103 sending message 112 to peer 0x7f98bd831000 (13 bytes)
1660345223.496113 sending message 112 to peer 0x7f98bd831000 (9 bytes)
1660345223.496123 sending message 112 to peer 0x7f98bd831000 (9 bytes)
1660345223.496132 sending message 112 to peer 0x7f98bd831000 (12 bytes)
1660345223.496142 sending message 112 to peer 0x7f98bd831000 (8 bytes)
1660345223.496151 sending message 112 to peer 0x7f98bd831000 (7 bytes)
1660345223.496161 sending message 112 to peer 0x7f98bd831000 (7 bytes)
1660345223.496170 sending message 112 to peer 0x7f98bd831000 (9 bytes)
1660345223.496180 sending message 112 to peer 0x7f98bd831000 (13 bytes)
1660345223.496190 sending message 112 to peer 0x7f98bd831000 (9 bytes)
1660345223.496199 sending message 112 to peer 0x7f98bd831000 (15 bytes)
1660345223.496209 sending message 112 to peer 0x7f98bd831000 (13 bytes)
1660345223.496218 sending message 112 to peer 0x7f98bd831000 (12 bytes)
1660345223.496228 sending message 112 to peer 0x7f98bd831000 (8 bytes)
1660345223.496237 sending message 112 to peer 0x7f98bd831000 (14 bytes)
1660345223.496247 sending message 112 to peer 0x7f98bd831000 (9 bytes)
1660345223.496256 sending message 112 to peer 0x7f98bd831000 (10 bytes)
1660345223.496266 sending message 112 to peer 0x7f98bd831000 (10 bytes)
1660345223.496275 sending message 112 to peer 0x7f98bd831000 (10 bytes)
1660345223.496285 sending message 112 to peer 0x7f98bd831000 (10 bytes)
1660345223.496294 sending message 112 to peer 0x7f98bd831000 (11 bytes)
1660345223.496304 sending message 112 to peer 0x7f98bd831000 (10 bytes)
1660345223.496313 sending message 112 to peer 0x7f98bd831000 (8 bytes)
1660345223.496342 sending message 112 to peer 0x7f98bd831000 (11 bytes)
1660345223.496349 sending message 112 to peer 0x7f98bd831000 (11 bytes)
1660345223.496355 sending message 112 to peer 0x7f98bd831000 (11 bytes)
1660345223.496361 sending message 112 to peer 0x7f98bd831000 (8 bytes)
1660345223.496367 sending message 112 to peer 0x7f98bd831000 (8 bytes)
1660345223.496373 sending message 112 to peer 0x7f98bd831000 (8 bytes)
1660345223.496379 sending message 112 to peer 0x7f98bd831000 (10 bytes)
1660345223.496385 sending message 112 to peer 0x7f98bd831000 (10 bytes)
1660345223.496391 sending message 112 to peer 0x7f98bd831000 (10 bytes)
1660345223.496396 sending message 112 to peer 0x7f98bd831000 (10 bytes)
1660345223.496402 sending message 112 to peer 0x7f98bd831000 (10 bytes)
1660345223.496408 sending message 112 to peer 0x7f98bd831000 (11 bytes)
1660345223.496418 sending message 112 to peer 0x7f98bd831000 (11 bytes)
1660345223.496425 sending message 112 to peer 0x7f98bd831000 (10 bytes)
1660345223.496431 sending message 112 to peer 0x7f98bd831000 (9 bytes)
1660345223.496437 sending message 112 to peer 0x7f98bd831000 (9 bytes)
1660345223.496443 sending message 112 to peer 0x7f98bd831000 (12 bytes)
1660345223.496449 sending message 112 to peer 0x7f98bd831000 (9 bytes)
1660345223.496455 sending message 112 to peer 0x7f98bd831000 (6 bytes)
1660345223.496461 sending message 112 to peer 0x7f98bd831000 (13 bytes)
1660345223.496467 sending message 112 to peer 0x7f98bd831000 (8 bytes)
1660345223.496473 sending message 112 to peer 0x7f98bd831000 (15 bytes)
1660345223.496479 sending message 112 to peer 0x7f98bd831000 (13 bytes)
1660345223.496485 sending message 112 to peer 0x7f98bd831000 (70 bytes)
1660345223.496491 sending message 112 to peer 0x7f98bd831000 (69 bytes)
1660345223.496497 sending message 112 to peer 0x7f98bd831000 (10 bytes)
1660345223.496503 sending message 112 to peer 0x7f98bd831000 (8 bytes)
1660345223.496509 sending message 112 to peer 0x7f98bd831000 (15 bytes)
1660345223.496515 sending message 112 to peer 0x7f98bd831000 (13 bytes)
1660345223.496520 sending message 112 to peer 0x7f98bd831000 (10 bytes)
1660345223.496526 sending message 112 to peer 0x7f98bd831000 (10 bytes)
1660345223.496532 sending message 112 to peer 0x7f98bd831000 (5 bytes)
1660345223.496538 sending message 112 to peer 0x7f98bd831000 (15 bytes)
1660345223.496546 sending message 104 to peer 0x7f98bd831000 (0 bytes)
1660345223.496553 sending message 110 to peer 0x7f98bd831000 (0 bytes)
1660345223.496559 sending message 107 to peer 0x7f98bd831000 (4 bytes)
1660345223.496565 sending message 105 to peer 0x7f98bd831000 (62 bytes)
1660345223.496571 sending message 105 to peer 0x7f98bd831000 (18 bytes)
1660345223.496577 sending message 105 to peer 0x7f98bd831000 (14 bytes)
1660345223.496583 sending message 105 to peer 0x7f98bd831000 (21 bytes)
1660345223.496589 sending message 105 to peer 0x7f98bd831000 (16 bytes)
1660345223.496595 sending message 105 to peer 0x7f98bd831000 (11 bytes)
1660345223.496601 sending message 105 to peer 0x7f98bd831000 (57 bytes)
1660345223.496607 sending message 105 to peer 0x7f98bd831000 (26 bytes)
1660345223.496613 sending message 105 to peer 0x7f98bd831000 (36 bytes)
1660345223.496619 sending message 105 to peer 0x7f98bd831000 (60 bytes)
1660345223.496625 sending message 105 to peer 0x7f98bd831000 (20 bytes)
1660345223.496631 sending message 105 to peer 0x7f98bd831000 (46 bytes)
1660345223.496637 sending message 105 to peer 0x7f98bd831000 (11 bytes)
1660345223.496643 sending message 105 to peer 0x7f98bd831000 (26 bytes)
1660345223.496649 sending message 105 to peer 0x7f98bd831000 (92 bytes)
1660345223.496655 sending message 105 to peer 0x7f98bd831000 (61 bytes)
1660345223.496661 sending message 105 to peer 0x7f98bd831000 (22 bytes)
1660345223.496667 sending message 105 to peer 0x7f98bd831000 (66 bytes)
1660345223.496673 sending message 105 to peer 0x7f98bd831000 (16 bytes)
1660345223.496679 sending message 105 to peer 0x7f98bd831000 (32 bytes)
1660345223.496685 sending message 105 to peer 0x7f98bd831000 (21 bytes)
1660345223.496707 sending message 105 to peer 0x7f98bd831000 (24 bytes)
1660345223.496714 sending message 105 to peer 0x7f98bd831000 (38 bytes)
1660345223.496720 sending message 105 to peer 0x7f98bd831000 (43 bytes)
1660345223.496726 sending message 105 to peer 0x7f98bd831000 (32 bytes)
1660345223.496732 sending message 105 to peer 0x7f98bd831000 (32 bytes)
1660345223.496738 sending message 105 to peer 0x7f98bd831000 (1596 bytes)
1660345223.496750 sending message 105 to peer 0x7f98bd831000 (43 bytes)
1660345223.496756 sending message 105 to peer 0x7f98bd831000 (54 bytes)
1660345223.496762 sending message 105 to peer 0x7f98bd831000 (43 bytes)
1660345223.496768 sending message 105 to peer 0x7f98bd831000 (37 bytes)
1660345223.496774 sending message 105 to peer 0x7f98bd831000 (17 bytes)
1660345223.496780 sending message 105 to peer 0x7f98bd831000 (22 bytes)
1660345223.496789 sending message 105 to peer 0x7f98bd831000 (14 bytes)
1660345223.496795 sending message 105 to peer 0x7f98bd831000 (13 bytes)
1660345223.496801 sending message 105 to peer 0x7f98bd831000 (175 bytes)
1660345223.496808 sending message 105 to peer 0x7f98bd831000 (19 bytes)
1660345223.496814 sending message 105 to peer 0x7f98bd831000 (8 bytes)
1660345223.496820 sending message 105 to peer 0x7f98bd831000 (17 bytes)
1660345223.496826 sending message 105 to peer 0x7f98bd831000 (18 bytes)
1660345223.496831 sending message 105 to peer 0x7f98bd831000 (15 bytes)
1660345223.496838 sending message 105 to peer 0x7f98bd831000 (8 bytes)
1660345223.496843 sending message 105 to peer 0x7f98bd831000 (27 bytes)
1660345223.496849 sending message 105 to peer 0x7f98bd831000 (61 bytes)
1660345223.496856 sending message 105 to peer 0x7f98bd831000 (14 bytes)
1660345223.496862 sending message 105 to peer 0x7f98bd831000 (19 bytes)
1660345223.496868 sending message 105 to peer 0x7f98bd831000 (53 bytes)
1660345223.496874 sending message 105 to peer 0x7f98bd831000 (209 bytes)
1660345223.496880 sending message 105 to peer 0x7f98bd831000 (17 bytes)
1660345223.496886 sending message 105 to peer 0x7f98bd831000 (59 bytes)
1660345223.496892 sending message 105 to peer 0x7f98bd831000 (19 bytes)
1660345223.496898 sending message 105 to peer 0x7f98bd831000 (24 bytes)
1660345223.496904 sending message 105 to peer 0x7f98bd831000 (20 bytes)
1660345223.496910 sending message 105 to peer 0x7f98bd831000 (22 bytes)
1660345223.496916 sending message 106 to peer 0x7f98bd831000 (0 bytes)
1660345223.496987 sending message 200 to peer 0x7f98bd831000 (4 bytes)
1660345223.496996 client loop enter
1660345223.498388 peer 0x7f98bd831000 message 303
1660345223.498412 open write file 2 -
1660345223.498441 sending message 305 to peer 0x7f98bd831000 (8 bytes)
1660345223.498465 write check file 2
1660345223.498523 peer 0x7f98bd831000 message 304
1660345223.498532 write 58 to file 2
1660345223.498545 peer 0x7f98bd831000 message 203
1660345223.498552 file 2 58 bytes left
1660345223.498572 write check file 2
1660345223.498579 client loop exit
